<?xml version="1.0" encoding="UTF-8"?>

<testsuite name="testSuite.SimpleMathTest" tests="4" failures="0" errors="0" skipped="0" time="0.019" hostname="CN-PC-HZ1615" timestamp="2011-07-28T11:38:19">
  <testcase classname="testSuite::SimpleMathTest" name="addition" time="0.016"/>
  <testcase classname="testSuite::SimpleMathTest" name="subtraction" time="0.001"/>
  <testcase classname="testSuite::SimpleMathTest" name="divisionWithException" time="0.001"/>
  <testcase classname="testSuite::SimpleMathTest" name="testAddExtreme" time="0.001"/>
</testsuite>
